WARNING:werkzeug: * Debugger is active!
INFO:werkzeug: * Debugger PIN: 121-733-587
INFO:Vault_qr_application:Locating template 'scan/loading.html':
    1: trying loader of application 'Vault_qr_application'
       class: jinja2.loaders.FileSystemLoader
       encoding: 'utf-8'
       followlinks: False
       searchpath:
         - /mnt/c/Users/djbro/Desktop/Projects/NFTs/Vault_qr_application/templates
       -> no match
    2: trying loader of blueprint 'home_bp' (Vault_qr_application.home.views)
       class: jinja2.loaders.FileSystemLoader
       encoding: 'utf-8'
       followlinks: False
       searchpath:
         - /mnt/c/Users/djbro/Desktop/Projects/NFTs/Vault_qr_application/home/templates
       -> no match
    3: trying loader of blueprint 'scan_bp' (Vault_qr_application.scan.views)
       class: jinja2.loaders.FileSystemLoader
       encoding: 'utf-8'
       followlinks: False
       searchpath:
         - /mnt/c/Users/djbro/Desktop/Projects/NFTs/Vault_qr_application/scan/templates
       -> found ('/mnt/c/Users/djbro/Desktop/Projects/NFTs/Vault_qr_application/scan/templates/scan/loading.html')
INFO:werkzeug:172.28.80.1 - - [24/Oct/2021 14:38:39] "GET /scan/?v=gAAAAABhc1ax7hm__qjSZrhxgntmeNEEnYnM0GJ0-J-g17BRtwqDMK4VGev79kEYOutY7X32rW5SAzp7l_u8VNcopu5U3l1iewUGQElDeTwjZabUHsDLw1CMDWPS_8S6pE1XJ8q7N-WB HTTP/1.1" 200 -
INFO:werkzeug:172.28.80.1 - - [24/Oct/2021 14:38:39] "[36mGET /scan/static/loading.js HTTP/1.1[0m" 304 -
INFO:werkzeug:172.28.80.1 - - [24/Oct/2021 14:38:39] "[36mGET /scan/static/loading.css HTTP/1.1[0m" 304 -
INFO:werkzeug:172.28.80.1 - - [24/Oct/2021 14:38:39] "[32mGET /favicon.ico HTTP/1.1[0m" 302 -
INFO:Vault_qr_application:Locating template 'home/about.html':
    1: trying loader of application 'Vault_qr_application'
       class: jinja2.loaders.FileSystemLoader
       encoding: 'utf-8'
       followlinks: False
       searchpath:
         - /mnt/c/Users/djbro/Desktop/Projects/NFTs/Vault_qr_application/templates
       -> no match
    2: trying loader of blueprint 'home_bp' (Vault_qr_application.home.views)
       class: jinja2.loaders.FileSystemLoader
       encoding: 'utf-8'
       followlinks: False
       searchpath:
         - /mnt/c/Users/djbro/Desktop/Projects/NFTs/Vault_qr_application/home/templates
       -> found ('/mnt/c/Users/djbro/Desktop/Projects/NFTs/Vault_qr_application/home/templates/home/about.html')
    3: trying loader of blueprint 'scan_bp' (Vault_qr_application.scan.views)
       class: jinja2.loaders.FileSystemLoader
       encoding: 'utf-8'
       followlinks: False
       searchpath:
         - /mnt/c/Users/djbro/Desktop/Projects/NFTs/Vault_qr_application/scan/templates
       -> no match
INFO:werkzeug:172.28.80.1 - - [24/Oct/2021 14:38:39] "GET /home/ HTTP/1.1" 200 -
INFO:werkzeug:172.28.80.1 - - [24/Oct/2021 14:38:39] "[35m[1mGET /scan/deploy HTTP/1.1[0m" 500 -
INFO:werkzeug:172.28.80.1 - - [24/Oct/2021 14:38:40] "[35m[1mGET /scan/results HTTP/1.1[0m" 500 -
INFO:werkzeug:172.28.80.1 - - [24/Oct/2021 14:38:40] "GET /scan/results?__debugger__=yes&cmd=resource&f=debugger.js HTTP/1.1" 200 -
INFO:werkzeug:172.28.80.1 - - [24/Oct/2021 14:38:40] "GET /scan/results?__debugger__=yes&cmd=resource&f=style.css HTTP/1.1" 200 -
INFO:werkzeug:172.28.80.1 - - [24/Oct/2021 14:38:40] "GET /scan/results?__debugger__=yes&cmd=resource&f=console.png HTTP/1.1" 200 -
INFO:werkzeug:172.28.80.1 - - [24/Oct/2021 14:38:40] "GET /scan/results?__debugger__=yes&cmd=resource&f=ubuntu.ttf HTTP/1.1" 200 -
INFO:werkzeug:172.28.80.1 - - [24/Oct/2021 14:38:40] "GET /scan/results?__debugger__=yes&cmd=resource&f=console.png HTTP/1.1" 200 -
INFO:werkzeug: * Detected change in '/mnt/c/Users/djbro/Desktop/Projects/NFTs/Vault_qr_application/scan/views.py', reloading
WARNING:werkzeug: * Debugger is active!
INFO:werkzeug: * Debugger PIN: 121-733-587
INFO:werkzeug: * Detected change in '/mnt/c/Users/djbro/Desktop/Projects/NFTs/Vault_qr_application/scan/mint.py', reloading
WARNING:werkzeug: * Debugger is active!
INFO:werkzeug: * Debugger PIN: 121-733-587
INFO:werkzeug: * Detected change in '/mnt/c/Users/djbro/Desktop/Projects/NFTs/Vault_qr_application/scan/views.py', reloading
WARNING:werkzeug: * Debugger is active!
INFO:werkzeug: * Debugger PIN: 121-733-587
INFO:Vault_qr_application:Locating template 'scan/loading.html':
    1: trying loader of application 'Vault_qr_application'
       class: jinja2.loaders.FileSystemLoader
       encoding: 'utf-8'
       followlinks: False
       searchpath:
         - /mnt/c/Users/djbro/Desktop/Projects/NFTs/Vault_qr_application/templates
       -> no match
    2: trying loader of blueprint 'home_bp' (Vault_qr_application.home.views)
       class: jinja2.loaders.FileSystemLoader
       encoding: 'utf-8'
       followlinks: False
       searchpath:
         - /mnt/c/Users/djbro/Desktop/Projects/NFTs/Vault_qr_application/home/templates
       -> no match
    3: trying loader of blueprint 'scan_bp' (Vault_qr_application.scan.views)
       class: jinja2.loaders.FileSystemLoader
       encoding: 'utf-8'
       followlinks: False
       searchpath:
         - /mnt/c/Users/djbro/Desktop/Projects/NFTs/Vault_qr_application/scan/templates
       -> found ('/mnt/c/Users/djbro/Desktop/Projects/NFTs/Vault_qr_application/scan/templates/scan/loading.html')
INFO:werkzeug:172.28.80.1 - - [24/Oct/2021 14:47:28] "GET /scan/?v=gAAAAABhc1ax7hm__qjSZrhxgntmeNEEnYnM0GJ0-J-g17BRtwqDMK4VGev79kEYOutY7X32rW5SAzp7l_u8VNcopu5U3l1iewUGQElDeTwjZabUHsDLw1CMDWPS_8S6pE1XJ8q7N-WB HTTP/1.1" 200 -
INFO:werkzeug:172.28.80.1 - - [24/Oct/2021 14:47:28] "[36mGET /scan/static/loading.css HTTP/1.1[0m" 304 -
INFO:werkzeug:172.28.80.1 - - [24/Oct/2021 14:47:28] "[36mGET /scan/static/loading.js HTTP/1.1[0m" 304 -
INFO:jsonrpcclient.client.request:{"jsonrpc": "2.0", "method": "GetBalance", "params": ["64e97af0a1702c40a2e610a8d66d9bedd7c08fda"], "id": "1"}
DEBUG:urllib3.connectionpool:Starting new HTTPS connection (1): dev-api.zilliqa.com:443
INFO:werkzeug:172.28.80.1 - - [24/Oct/2021 14:47:28] "[32mGET /favicon.ico HTTP/1.1[0m" 302 -
INFO:Vault_qr_application:Locating template 'home/about.html':
    1: trying loader of application 'Vault_qr_application'
       class: jinja2.loaders.FileSystemLoader
       encoding: 'utf-8'
       followlinks: False
       searchpath:
         - /mnt/c/Users/djbro/Desktop/Projects/NFTs/Vault_qr_application/templates
       -> no match
    2: trying loader of blueprint 'home_bp' (Vault_qr_application.home.views)
       class: jinja2.loaders.FileSystemLoader
       encoding: 'utf-8'
       followlinks: False
       searchpath:
         - /mnt/c/Users/djbro/Desktop/Projects/NFTs/Vault_qr_application/home/templates
       -> found ('/mnt/c/Users/djbro/Desktop/Projects/NFTs/Vault_qr_application/home/templates/home/about.html')
    3: trying loader of blueprint 'scan_bp' (Vault_qr_application.scan.views)
       class: jinja2.loaders.FileSystemLoader
       encoding: 'utf-8'
       followlinks: False
       searchpath:
         - /mnt/c/Users/djbro/Desktop/Projects/NFTs/Vault_qr_application/scan/templates
       -> no match
INFO:werkzeug:172.28.80.1 - - [24/Oct/2021 14:47:28] "GET /home/ HTTP/1.1" 200 -
DEBUG:urllib3.connectionpool:https://dev-api.zilliqa.com:443 "POST / HTTP/1.1" 200 None
INFO:jsonrpcclient.client.response:{"id": "1", "jsonrpc": "2.0", "result": {"balance": "9482740000000000", "nonce": 231}}
INFO:jsonrpcclient.client.request:{"jsonrpc": "2.0", "method": "CreateTransaction", "params": [{"version": 21823489, "nonce": 232, "toAddr": "0x0000000000000000000000000000000000000000", "amount": "0", "pubKey": "03c61008fdb4b9409b670f7feda44531095fb13478cbb222416c62d2c0ec495a19", "gasPrice": "6000000000", "gasLimit": "10000", "code": "(* PAT contract V0.1 *)\n\n(***************************************************)\n(*         Scilla version         *)\n(***************************************************)\n\nscilla_version 0\n\n(***************************************************)\n(*        Associated library        *)\n(***************************************************)\nlibrary PAT\n\nlet one = Uint32 1\nlet set_hello_code = Uint32 2\n\n(***************************************************)\n(*       The contract definition       *)\n(***************************************************)\n\ncontract PAT_V0_1\n\n(* Immutable contract parameters declaration *)\n(brand: String,\nproduct: String,\nmodel: String,\nserial: String,\nprint_date: String,\nowner: ByStr20\n)\n\n\n(* Mutable contract parameters declaration *) \nfield exchange_count : Uint32 = Uint32 0 \n\n\ntransition exchange ()\n is_owner = builtin eq owner _sender;\n match is_owner with\n | False =>\n  (* invalid user, do nothing, maybe this throws an error that needs to be\n  handled? *)\n | True =>\n  current_exchange_count <- exchange_count;\n  new_exchange_count = builtin add current_exchange_count one;\n  exchange_count := new_exchange_count;\n  e = {_eventname : \"Exchange\"; shoutout : \"The Product has a new owner\"; \n  new_exchange_count: new_exchange_count};\n  event e\n end\nend\n\ntransition getExchanges ()\n r <- exchange_count;\n e = {_eventname: \"Get Exchange count\"; msg: r};\n event e\nend", "data": "[{\"vname\": \"brand\", \"type\": \"String\", \"value\": \"Test_brand1\"}, {\"vname\": \"product\", \"type\": \"String\", \"value\": \"Test_product2\"}, {\"vname\": \"model\", \"type\": \"String\", \"value\": \"232323\"}, {\"vname\": \"serial\", \"type\": \"String\", \"value\": \"someserialedsd\"}, {\"vname\": \"print_date\", \"type\": \"String\", \"value\": \"Oct 24 2021 18:47:28\"}, {\"vname\": \"owner\", \"type\": \"ByStr20\", \"value\": \"0x64e97af0a1702c40a2e610a8d66d9bedd7c08fda\"}, {\"vname\": \"_scilla_version\", \"type\": \"Uint32\", \"value\": \"0\"}]", "signature": "06e1d38589bdc83fb02edd615361f2a411e54c788796fc8f780d19ec3628d988ca8026061f21cb528a4318434825bea7810b47bb38e43a170b56676dbed920a6", "priority": true}], "id": "1"}
DEBUG:urllib3.connectionpool:https://dev-api.zilliqa.com:443 "POST / HTTP/1.1" 200 None
INFO:jsonrpcclient.client.response:{"id": "1", "jsonrpc": "2.0", "result": {"ContractAddress": "b42e837230...5469543764", "Info": "Contract C...t to shard", "TranID": "c7c0160542...be4768beb5"}}
INFO:jsonrpcclient.client.request:{"jsonrpc": "2.0", "method": "GetTransaction", "params": ["c7c01605421169a7d7ec986b3113ffa12213950d5511dbea0ee8d5be4768beb5"], "id": "1"}
DEBUG:urllib3.connectionpool:https://dev-api.zilliqa.com:443 "POST / HTTP/1.1" 200 None
INFO:jsonrpcclient.client.response:{"error": {"code": -20, "data": null, "message": "Txn Hash not Present"}, "id": "1", "jsonrpc": "2.0"}
DEBUG:root:Retry GetTransaction: Txn Hash not Present
INFO:jsonrpcclient.client.request:{"jsonrpc": "2.0", "method": "GetTransaction", "params": ["c7c01605421169a7d7ec986b3113ffa12213950d5511dbea0ee8d5be4768beb5"], "id": "1"}
DEBUG:urllib3.connectionpool:https://dev-api.zilliqa.com:443 "POST / HTTP/1.1" 200 None
INFO:jsonrpcclient.client.response:{"error": {"code": -20, "data": null, "message": "Txn Hash not Present"}, "id": "1", "jsonrpc": "2.0"}
DEBUG:root:Retry GetTransaction: Txn Hash not Present
INFO:jsonrpcclient.client.request:{"jsonrpc": "2.0", "method": "GetTransaction", "params": ["c7c01605421169a7d7ec986b3113ffa12213950d5511dbea0ee8d5be4768beb5"], "id": "1"}
DEBUG:urllib3.connectionpool:https://dev-api.zilliqa.com:443 "POST / HTTP/1.1" 200 None
INFO:jsonrpcclient.client.response:{"error": {"code": -20, "data": null, "message": "Txn Hash not Present"}, "id": "1", "jsonrpc": "2.0"}
DEBUG:root:Retry GetTransaction: Txn Hash not Present
INFO:jsonrpcclient.client.request:{"jsonrpc": "2.0", "method": "GetTransaction", "params": ["c7c01605421169a7d7ec986b3113ffa12213950d5511dbea0ee8d5be4768beb5"], "id": "1"}
DEBUG:urllib3.connectionpool:https://dev-api.zilliqa.com:443 "POST / HTTP/1.1" 200 None
INFO:jsonrpcclient.client.response:{"error": {"code": -20, "data": null, "message": "Txn Hash not Present"}, "id": "1", "jsonrpc": "2.0"}
DEBUG:root:Retry GetTransaction: Txn Hash not Present
INFO:jsonrpcclient.client.request:{"jsonrpc": "2.0", "method": "GetTransaction", "params": ["c7c01605421169a7d7ec986b3113ffa12213950d5511dbea0ee8d5be4768beb5"], "id": "1"}
DEBUG:urllib3.connectionpool:https://dev-api.zilliqa.com:443 "POST / HTTP/1.1" 200 None
INFO:jsonrpcclient.client.response:{"id": "1", "jsonrpc": "2.0", "result": {"ID": "c7c0160542...be4768beb5", "amount": "0", "code": "(* PAT con...vent e\nend", "data": "[{\"vname\":...ue\": \"0\"}]", "gasLimit": "10000", "gasPrice": "6000000000", "nonce": "232", "receipt": {"cumulative_gas": "401", "epoch_num": "3405581", "success": true}, "senderPubKey": "0x03C61008...C0EC495A19", "signature": "0x06E1D385...6DBED920A6", "toAddr": "0000000000...0000000000", "version": "21823489"}}
INFO:jsonrpcclient.client.request:{"jsonrpc": "2.0", "method": "GetContrac...nsactionID", "params": ["c7c01605421169a7d7ec986b3113ffa12213950d5511dbea0ee8d5be4768beb5"], "id": "1"}
DEBUG:urllib3.connectionpool:https://dev-api.zilliqa.com:443 "POST / HTTP/1.1" 200 None
INFO:jsonrpcclient.client.response:{"id": "1", "jsonrpc": "2.0", "result": "b42e837230...5469543764"}
INFO:werkzeug:172.28.80.1 - - [24/Oct/2021 14:48:12] "GET /scan/deploy HTTP/1.1" 200 -
INFO:werkzeug:172.28.80.1 - - [24/Oct/2021 14:48:12] "[35m[1mGET /scan/results HTTP/1.1[0m" 500 -
INFO:werkzeug:172.28.80.1 - - [24/Oct/2021 14:48:12] "GET /scan/results?__debugger__=yes&cmd=resource&f=style.css HTTP/1.1" 200 -
INFO:werkzeug:172.28.80.1 - - [24/Oct/2021 14:48:12] "GET /scan/results?__debugger__=yes&cmd=resource&f=debugger.js HTTP/1.1" 200 -
INFO:werkzeug:172.28.80.1 - - [24/Oct/2021 14:48:12] "GET /scan/results?__debugger__=yes&cmd=resource&f=console.png HTTP/1.1" 200 -
INFO:werkzeug:172.28.80.1 - - [24/Oct/2021 14:48:12] "GET /scan/results?__debugger__=yes&cmd=resource&f=ubuntu.ttf HTTP/1.1" 200 -
INFO:werkzeug:172.28.80.1 - - [24/Oct/2021 14:48:12] "GET /scan/results?__debugger__=yes&cmd=resource&f=console.png HTTP/1.1" 200 -
INFO:werkzeug: * Detected change in '/mnt/c/Users/djbro/Desktop/Projects/NFTs/Vault_qr_application/scan/views.py', reloading
WARNING:werkzeug: * Debugger is active!
INFO:werkzeug: * Debugger PIN: 121-733-587
INFO:Vault_qr_application:Locating template 'scan/loading.html':
    1: trying loader of application 'Vault_qr_application'
       class: jinja2.loaders.FileSystemLoader
       encoding: 'utf-8'
       followlinks: False
       searchpath:
         - /mnt/c/Users/djbro/Desktop/Projects/NFTs/Vault_qr_application/templates
       -> no match
    2: trying loader of blueprint 'home_bp' (Vault_qr_application.home.views)
       class: jinja2.loaders.FileSystemLoader
       encoding: 'utf-8'
       followlinks: False
       searchpath:
         - /mnt/c/Users/djbro/Desktop/Projects/NFTs/Vault_qr_application/home/templates
       -> no match
    3: trying loader of blueprint 'scan_bp' (Vault_qr_application.scan.views)
       class: jinja2.loaders.FileSystemLoader
       encoding: 'utf-8'
       followlinks: False
       searchpath:
         - /mnt/c/Users/djbro/Desktop/Projects/NFTs/Vault_qr_application/scan/templates
       -> found ('/mnt/c/Users/djbro/Desktop/Projects/NFTs/Vault_qr_application/scan/templates/scan/loading.html')
INFO:werkzeug:172.28.80.1 - - [24/Oct/2021 14:49:28] "GET /scan/?v=gAAAAABhc1ax7hm__qjSZrhxgntmeNEEnYnM0GJ0-J-g17BRtwqDMK4VGev79kEYOutY7X32rW5SAzp7l_u8VNcopu5U3l1iewUGQElDeTwjZabUHsDLw1CMDWPS_8S6pE1XJ8q7N-WB HTTP/1.1" 200 -
INFO:werkzeug:172.28.80.1 - - [24/Oct/2021 14:49:28] "[36mGET /scan/static/loading.css HTTP/1.1[0m" 304 -
INFO:werkzeug:172.28.80.1 - - [24/Oct/2021 14:49:28] "[36mGET /scan/static/loading.js HTTP/1.1[0m" 304 -
INFO:jsonrpcclient.client.request:{"jsonrpc": "2.0", "method": "GetBalance", "params": ["64e97af0a1702c40a2e610a8d66d9bedd7c08fda"], "id": "1"}
DEBUG:urllib3.connectionpool:Starting new HTTPS connection (1): dev-api.zilliqa.com:443
INFO:werkzeug:172.28.80.1 - - [24/Oct/2021 14:49:28] "[32mGET /favicon.ico HTTP/1.1[0m" 302 -
INFO:Vault_qr_application:Locating template 'home/about.html':
    1: trying loader of application 'Vault_qr_application'
       class: jinja2.loaders.FileSystemLoader
       encoding: 'utf-8'
       followlinks: False
       searchpath:
         - /mnt/c/Users/djbro/Desktop/Projects/NFTs/Vault_qr_application/templates
       -> no match
    2: trying loader of blueprint 'home_bp' (Vault_qr_application.home.views)
       class: jinja2.loaders.FileSystemLoader
       encoding: 'utf-8'
       followlinks: False
       searchpath:
         - /mnt/c/Users/djbro/Desktop/Projects/NFTs/Vault_qr_application/home/templates
       -> found ('/mnt/c/Users/djbro/Desktop/Projects/NFTs/Vault_qr_application/home/templates/home/about.html')
    3: trying loader of blueprint 'scan_bp' (Vault_qr_application.scan.views)
       class: jinja2.loaders.FileSystemLoader
       encoding: 'utf-8'
       followlinks: False
       searchpath:
         - /mnt/c/Users/djbro/Desktop/Projects/NFTs/Vault_qr_application/scan/templates
       -> no match
INFO:werkzeug:172.28.80.1 - - [24/Oct/2021 14:49:28] "GET /home/ HTTP/1.1" 200 -
DEBUG:urllib3.connectionpool:https://dev-api.zilliqa.com:443 "POST / HTTP/1.1" 200 None
INFO:jsonrpcclient.client.response:{"id": "1", "jsonrpc": "2.0", "result": {"balance": "9480334000000000", "nonce": 232}}
INFO:jsonrpcclient.client.request:{"jsonrpc": "2.0", "method": "CreateTransaction", "params": [{"version": 21823489, "nonce": 233, "toAddr": "0x0000000000000000000000000000000000000000", "amount": "0", "pubKey": "03c61008fdb4b9409b670f7feda44531095fb13478cbb222416c62d2c0ec495a19", "gasPrice": "6000000000", "gasLimit": "10000", "code": "(* PAT contract V0.1 *)\n\n(***************************************************)\n(*         Scilla version         *)\n(***************************************************)\n\nscilla_version 0\n\n(***************************************************)\n(*        Associated library        *)\n(***************************************************)\nlibrary PAT\n\nlet one = Uint32 1\nlet set_hello_code = Uint32 2\n\n(***************************************************)\n(*       The contract definition       *)\n(***************************************************)\n\ncontract PAT_V0_1\n\n(* Immutable contract parameters declaration *)\n(brand: String,\nproduct: String,\nmodel: String,\nserial: String,\nprint_date: String,\nowner: ByStr20\n)\n\n\n(* Mutable contract parameters declaration *) \nfield exchange_count : Uint32 = Uint32 0 \n\n\ntransition exchange ()\n is_owner = builtin eq owner _sender;\n match is_owner with\n | False =>\n  (* invalid user, do nothing, maybe this throws an error that needs to be\n  handled? *)\n | True =>\n  current_exchange_count <- exchange_count;\n  new_exchange_count = builtin add current_exchange_count one;\n  exchange_count := new_exchange_count;\n  e = {_eventname : \"Exchange\"; shoutout : \"The Product has a new owner\"; \n  new_exchange_count: new_exchange_count};\n  event e\n end\nend\n\ntransition getExchanges ()\n r <- exchange_count;\n e = {_eventname: \"Get Exchange count\"; msg: r};\n event e\nend", "data": "[{\"vname\": \"brand\", \"type\": \"String\", \"value\": \"Test_brand1\"}, {\"vname\": \"product\", \"type\": \"String\", \"value\": \"Test_product2\"}, {\"vname\": \"model\", \"type\": \"String\", \"value\": \"232323\"}, {\"vname\": \"serial\", \"type\": \"String\", \"value\": \"someserialedsd\"}, {\"vname\": \"print_date\", \"type\": \"String\", \"value\": \"Oct 24 2021 18:49:28\"}, {\"vname\": \"owner\", \"type\": \"ByStr20\", \"value\": \"0x64e97af0a1702c40a2e610a8d66d9bedd7c08fda\"}, {\"vname\": \"_scilla_version\", \"type\": \"Uint32\", \"value\": \"0\"}]", "signature": "1f5c5b45a03aa79529c4918980ce28812e2dc361e71bf0d8ec2c50950b2c2c7ca31e7888ff99a9b43ba9ab5431fdde3e690879eab785b017dbdb50524bf51cf1", "priority": true}], "id": "1"}
DEBUG:urllib3.connectionpool:https://dev-api.zilliqa.com:443 "POST / HTTP/1.1" 200 None
INFO:jsonrpcclient.client.response:{"id": "1", "jsonrpc": "2.0", "result": {"ContractAddress": "4c562b7b1b...69cb841c36", "Info": "Contract C...t to shard", "TranID": "02ce0e9dcf...2709033c93"}}
INFO:jsonrpcclient.client.request:{"jsonrpc": "2.0", "method": "GetTransaction", "params": ["02ce0e9dcfe80dcb8760b3bc9a02354c702f65e4346c3bfc16f0372709033c93"], "id": "1"}
DEBUG:urllib3.connectionpool:https://dev-api.zilliqa.com:443 "POST / HTTP/1.1" 200 None
INFO:jsonrpcclient.client.response:{"error": {"code": -20, "data": null, "message": "Txn Hash not Present"}, "id": "1", "jsonrpc": "2.0"}
DEBUG:root:Retry GetTransaction: Txn Hash not Present
INFO:jsonrpcclient.client.request:{"jsonrpc": "2.0", "method": "GetTransaction", "params": ["02ce0e9dcfe80dcb8760b3bc9a02354c702f65e4346c3bfc16f0372709033c93"], "id": "1"}
DEBUG:urllib3.connectionpool:https://dev-api.zilliqa.com:443 "POST / HTTP/1.1" 200 None
INFO:jsonrpcclient.client.response:{"error": {"code": -20, "data": null, "message": "Txn Hash not Present"}, "id": "1", "jsonrpc": "2.0"}
DEBUG:root:Retry GetTransaction: Txn Hash not Present
INFO:jsonrpcclient.client.request:{"jsonrpc": "2.0", "method": "GetTransaction", "params": ["02ce0e9dcfe80dcb8760b3bc9a02354c702f65e4346c3bfc16f0372709033c93"], "id": "1"}
DEBUG:urllib3.connectionpool:https://dev-api.zilliqa.com:443 "POST / HTTP/1.1" 200 None
INFO:jsonrpcclient.client.response:{"error": {"code": -20, "data": null, "message": "Txn Hash not Present"}, "id": "1", "jsonrpc": "2.0"}
DEBUG:root:Retry GetTransaction: Txn Hash not Present
INFO:jsonrpcclient.client.request:{"jsonrpc": "2.0", "method": "GetTransaction", "params": ["02ce0e9dcfe80dcb8760b3bc9a02354c702f65e4346c3bfc16f0372709033c93"], "id": "1"}
DEBUG:urllib3.connectionpool:https://dev-api.zilliqa.com:443 "POST / HTTP/1.1" 200 None
INFO:jsonrpcclient.client.response:{"error": {"code": -20, "data": null, "message": "Txn Hash not Present"}, "id": "1", "jsonrpc": "2.0"}
DEBUG:root:Retry GetTransaction: Txn Hash not Present
INFO:jsonrpcclient.client.request:{"jsonrpc": "2.0", "method": "GetTransaction", "params": ["02ce0e9dcfe80dcb8760b3bc9a02354c702f65e4346c3bfc16f0372709033c93"], "id": "1"}
DEBUG:urllib3.connectionpool:https://dev-api.zilliqa.com:443 "POST / HTTP/1.1" 200 None
INFO:jsonrpcclient.client.response:{"error": {"code": -20, "data": null, "message": "Txn Hash not Present"}, "id": "1", "jsonrpc": "2.0"}
DEBUG:root:Retry GetTransaction: Txn Hash not Present
INFO:jsonrpcclient.client.request:{"jsonrpc": "2.0", "method": "GetTransaction", "params": ["02ce0e9dcfe80dcb8760b3bc9a02354c702f65e4346c3bfc16f0372709033c93"], "id": "1"}
DEBUG:urllib3.connectionpool:https://dev-api.zilliqa.com:443 "POST / HTTP/1.1" 200 None
INFO:jsonrpcclient.client.response:{"id": "1", "jsonrpc": "2.0", "result": {"ID": "02ce0e9dcf...2709033c93", "amount": "0", "code": "(* PAT con...vent e\nend", "data": "[{\"vname\":...ue\": \"0\"}]", "gasLimit": "10000", "gasPrice": "6000000000", "nonce": "233", "receipt": {"cumulative_gas": "401", "epoch_num": "3405587", "success": true}, "senderPubKey": "0x03C61008...C0EC495A19", "signature": "0x1F5C5B45...524BF51CF1", "toAddr": "0000000000...0000000000", "version": "21823489"}}
INFO:jsonrpcclient.client.request:{"jsonrpc": "2.0", "method": "GetContrac...nsactionID", "params": ["02ce0e9dcfe80dcb8760b3bc9a02354c702f65e4346c3bfc16f0372709033c93"], "id": "1"}
DEBUG:urllib3.connectionpool:https://dev-api.zilliqa.com:443 "POST / HTTP/1.1" 200 None
INFO:jsonrpcclient.client.response:{"id": "1", "jsonrpc": "2.0", "result": "4c562b7b1b...69cb841c36"}
INFO:werkzeug:172.28.80.1 - - [24/Oct/2021 14:50:22] "GET /scan/deploy HTTP/1.1" 200 -
INFO:werkzeug:172.28.80.1 - - [24/Oct/2021 14:50:22] "[35m[1mGET /scan/results HTTP/1.1[0m" 500 -
INFO:werkzeug:172.28.80.1 - - [24/Oct/2021 14:50:22] "GET /scan/results?__debugger__=yes&cmd=resource&f=style.css HTTP/1.1" 200 -
INFO:werkzeug:172.28.80.1 - - [24/Oct/2021 14:50:22] "GET /scan/results?__debugger__=yes&cmd=resource&f=debugger.js HTTP/1.1" 200 -
INFO:werkzeug:172.28.80.1 - - [24/Oct/2021 14:50:22] "GET /scan/results?__debugger__=yes&cmd=resource&f=console.png HTTP/1.1" 200 -
INFO:werkzeug:172.28.80.1 - - [24/Oct/2021 14:50:22] "GET /scan/results?__debugger__=yes&cmd=resource&f=ubuntu.ttf HTTP/1.1" 200 -
INFO:werkzeug:172.28.80.1 - - [24/Oct/2021 14:50:23] "GET /scan/results?__debugger__=yes&cmd=resource&f=console.png HTTP/1.1" 200 -
INFO:werkzeug: * Detected change in '/mnt/c/Users/djbro/Desktop/Projects/NFTs/Vault_qr_application/scan/query.py', reloading
WARNING:werkzeug: * Debugger is active!
INFO:werkzeug: * Debugger PIN: 121-733-587
INFO:werkzeug: * Detected change in '/mnt/c/Users/djbro/Desktop/Projects/NFTs/Vault_qr_application/scan/views.py', reloading
WARNING:werkzeug: * Debugger is active!
INFO:werkzeug: * Debugger PIN: 121-733-587
INFO:werkzeug: * Detected change in '/mnt/c/Users/djbro/Desktop/Projects/NFTs/Vault_qr_application/__init__.py', reloading
